[11-Apr-2018 12:14:46 Europe/Berlin] Hallo errors!
[11-Apr-2018 12:14:46 Europe/Berlin] PHP Warning:  require(../../private/db.php): failed to open stream: No such file or directory in C:\Users\Thomas\Documents\ma\bewijzenmap\periode1.3\PROJ\thewall\websitev2\public\register\process_registration.php on line 9
[11-Apr-2018 12:14:46 Europe/Berlin] PHP Fatal error:  require(): Failed opening required '../../private/db.php' (include_path='C:\xampp\php\PEAR') in C:\Users\Thomas\Documents\ma\bewijzenmap\periode1.3\PROJ\thewall\websitev2\public\register\process_registration.php on line 9
[11-Apr-2018 12:20:37 Europe/Berlin] Hallo errors!
[11-Apr-2018 12:20:37 Europe/Berlin] PHP Warning:  require(../../private/db.php): failed to open stream: No such file or directory in C:\Users\Thomas\Documents\ma\bewijzenmap\periode1.3\PROJ\thewall\websitev2\public\register\process_registration.php on line 9
[11-Apr-2018 12:20:37 Europe/Berlin] PHP Fatal error:  require(): Failed opening required '../../private/db.php' (include_path='C:\xampp\php\PEAR') in C:\Users\Thomas\Documents\ma\bewijzenmap\periode1.3\PROJ\thewall\websitev2\public\register\process_registration.php on line 9
[11-Apr-2018 12:22:33 Europe/Berlin] Hallo errors!
[11-Apr-2018 12:22:33 Europe/Berlin] PHP Warning:  mysqli::__construct(): (HY000/1045): Access denied for user 'thomas_gebruiker'@'localhost' (using password: YES) in C:\Users\Thomas\Documents\ma\bewijzenmap\periode1.3\PROJ\thewall\websitev2\private\db.php on line 2
[11-Apr-2018 12:22:33 Europe/Berlin] PHP Warning:  main(): Couldn't fetch mysqli in C:\Users\Thomas\Documents\ma\bewijzenmap\periode1.3\PROJ\thewall\websitev2\private\db.php on line 4
[11-Apr-2018 12:22:53 Europe/Berlin] Hallo errors!
[11-Apr-2018 12:22:53 Europe/Berlin] PHP Warning:  mysqli::__construct(): (HY000/1045): Access denied for user 'thomas_gebruiker'@'localhost' (using password: YES) in C:\Users\Thomas\Documents\ma\bewijzenmap\periode1.3\PROJ\thewall\websitev2\private\db.php on line 2
[11-Apr-2018 12:22:53 Europe/Berlin] PHP Warning:  main(): Couldn't fetch mysqli in C:\Users\Thomas\Documents\ma\bewijzenmap\periode1.3\PROJ\thewall\websitev2\private\db.php on line 4
[12-Apr-2018 09:45:38] Hallo errors!
[12-Apr-2018 10:11:54] Hallo errors!
[12-Apr-2018 10:12:34] Hallo errors!
[12-Apr-2018 10:20:38] Hallo errors!
[12-Apr-2018 10:21:30] Hallo errors!
[12-Apr-2018 10:54:30] Hallo errors!
[12-Apr-2018 10:57:49] Hallo errors!
[12-Apr-2018 11:34:59] Hallo errors!
[12-Apr-2018 11:48:49] Hallo errors!
[12-Apr-2018 11:51:11] Hallo errors!
[18-Apr-2018 09:24:06 Europe/Berlin] Hallo errors!
[18-Apr-2018 09:24:06 Europe/Berlin] PHP Warning:  mysqli::__construct(): (HY000/1045): Access denied for user 'thomas_gebruiker'@'localhost' (using password: YES) in C:\Users\rick-\Documents\ma\bewijzenmap\periode1.3\proj\The-Wall\websitev2\private\db.php on line 2
[18-Apr-2018 09:24:06 Europe/Berlin] PHP Warning:  main(): Couldn't fetch mysqli in C:\Users\rick-\Documents\ma\bewijzenmap\periode1.3\proj\The-Wall\websitev2\private\db.php on line 4
[18-Apr-2018 09:24:06 Europe/Berlin] PHP Warning:  mysqli::prepare(): Couldn't fetch mysqli in C:\Users\rick-\Documents\ma\bewijzenmap\periode1.3\proj\The-Wall\websitev2\public\register\process_registration.php on line 38
[18-Apr-2018 09:24:06 Europe/Berlin] PHP Fatal error:  Uncaught Error: Call to a member function bind_param() on null in C:\Users\rick-\Documents\ma\bewijzenmap\periode1.3\proj\The-Wall\websitev2\public\register\process_registration.php:39
Stack trace:
#0 {main}
  thrown in C:\Users\rick-\Documents\ma\bewijzenmap\periode1.3\proj\The-Wall\websitev2\public\register\process_registration.php on line 39
